<?xml version="1.0" encoding="UTF-8"?>
<!-- Generated by org.testng.reporters.JUnitXMLReporter -->
<testsuite hostname="akbajpai.remote.csb" ignored="3" name="Default test" tests="1" failures="0" timestamp="13 Apr 2023 18:43:47 GMT" time="11.335" errors="0">
  <testcase name="feedbackTest" time="2.63" classname="com.qa.adminCentre.tests.HomePageTest"/>
  <testcase name="urlTest" time="0.0" classname="com.qa.adminCentre.tests.HomePageTest">
    <ignored/>
  </testcase> <!-- urlTest -->
  <testcase name="searchTest" time="0.0" classname="com.qa.adminCentre.tests.HomePageTest">
    <ignored/>
  </testcase> <!-- searchTest -->
  <testcase name="titleTest" time="0.0" classname="com.qa.adminCentre.tests.HomePageTest">
    <ignored/>
  </testcase> <!-- titleTest -->
</testsuite> <!-- Default test -->
