<?xml version="1.0" encoding="UTF-8"?>
<!-- Generated by org.testng.reporters.JUnitXMLReporter -->
<testsuite hostname="akbajpai.remote.csb" ignored="0" name="test1" tests="4" failures="0" timestamp="13 Apr 2023 21:13:21 GMT" time="11.558" errors="0">
  <testcase name="feedbackTest" time="2.607" classname="com.qa.adminCentre.tests.HomePageTest"/>
  <testcase name="searchTest" time="0.294" classname="com.qa.adminCentre.tests.HomePageTest"/>
  <testcase name="titleTest" time="0.004" classname="com.qa.adminCentre.tests.HomePageTest"/>
  <testcase name="urlTest" time="0.006" classname="com.qa.adminCentre.tests.HomePageTest"/>
</testsuite> <!-- test1 -->
