<?xml version="1.0" encoding="UTF-8"?>
<!-- Generated by org.testng.reporters.JUnitXMLReporter -->
<testsuite hostname="akbajpai.remote.csb" ignored="0" name="test1" tests="3" failures="0" timestamp="12 Apr 2023 07:35:09 GMT" time="10.084" errors="0">
  <testcase name="searchTest" time="1.453" classname="com.qa.adminCentre.tests.HomePageTest"/>
  <testcase name="titleTest" time="0.003" classname="com.qa.adminCentre.tests.HomePageTest"/>
  <testcase name="urlTest" time="0.001" classname="com.qa.adminCentre.tests.HomePageTest"/>
</testsuite> <!-- test1 -->
