<?xml version="1.0" encoding="UTF-8"?>
<testng-results skipped="0" failed="0" ignored="0" total="3" passed="3">
  <reporter-output>
  </reporter-output>
  <suite name="Suite1" duration-ms="10084" started-at="2023-04-12T07:34:59Z" finished-at="2023-04-12T07:35:09Z">
    <groups>
    </groups>
    <test name="test1" duration-ms="10084" started-at="2023-04-12T07:34:59Z" finished-at="2023-04-12T07:35:09Z">
      <class name="com.qa.adminCentre.tests.HomePageTest">
        <test-method status="PASS" signature="setup()[pri:0, instance:com.qa.adminCentre.tests.HomePageTest@9629756]" name="setup" is-config="true" duration-ms="8513" started-at="2023-04-12T07:34:59Z" finished-at="2023-04-12T07:35:07Z">
          <reporter-output>
          </reporter-output>
        </test-method> <!-- setup -->
        <test-method status="PASS" signature="searchTest()[pri:0, instance:com.qa.adminCentre.tests.HomePageTest@9629756]" name="searchTest" duration-ms="1453" started-at="2023-04-12T07:35:07Z" finished-at="2023-04-12T07:35:09Z">
          <reporter-output>
          </reporter-output>
        </test-method> <!-- searchTest -->
        <test-method status="PASS" signature="titleTest()[pri:0, instance:com.qa.adminCentre.tests.HomePageTest@9629756]" name="titleTest" duration-ms="3" started-at="2023-04-12T07:35:09Z" finished-at="2023-04-12T07:35:09Z">
          <reporter-output>
          </reporter-output>
        </test-method> <!-- titleTest -->
        <test-method status="PASS" signature="urlTest()[pri:0, instance:com.qa.adminCentre.tests.HomePageTest@9629756]" name="urlTest" duration-ms="1" started-at="2023-04-12T07:35:09Z" finished-at="2023-04-12T07:35:09Z">
          <reporter-output>
          </reporter-output>
        </test-method> <!-- urlTest -->
        <test-method status="PASS" signature="tearDown()[pri:0, instance:com.qa.adminCentre.tests.HomePageTest@9629756]" name="tearDown" is-config="true" duration-ms="94" started-at="2023-04-12T07:35:09Z" finished-at="2023-04-12T07:35:09Z">
          <reporter-output>
          </reporter-output>
        </test-method> <!-- tearDown -->
      </class> <!-- com.qa.adminCentre.tests.HomePageTest -->
    </test> <!-- test1 -->
  </suite> <!-- Suite1 -->
</testng-results>
