<?xml version="1.0" encoding="UTF-8"?>
<testng-results skipped="0" failed="0" ignored="0" total="3" passed="3">
  <reporter-output>
  </reporter-output>
  <suite name="Default suite" duration-ms="8730" started-at="2023-04-10T11:18:02Z" finished-at="2023-04-10T11:18:10Z">
    <groups>
    </groups>
    <test name="Default test" duration-ms="8730" started-at="2023-04-10T11:18:02Z" finished-at="2023-04-10T11:18:10Z">
      <class name="com.qa.adminCentre.tests.HomePageTest">
        <test-method status="PASS" signature="setup()[pri:0, instance:com.qa.adminCentre.tests.HomePageTest@543c6f6d]" name="setup" is-config="true" duration-ms="7557" started-at="2023-04-10T11:18:02Z" finished-at="2023-04-10T11:18:09Z">
          <reporter-output>
          </reporter-output>
        </test-method> <!-- setup -->
        <test-method status="PASS" signature="searchTest()[pri:0, instance:com.qa.adminCentre.tests.HomePageTest@543c6f6d]" name="searchTest" duration-ms="1046" started-at="2023-04-10T11:18:09Z" finished-at="2023-04-10T11:18:10Z">
          <reporter-output>
          </reporter-output>
        </test-method> <!-- searchTest -->
        <test-method status="PASS" signature="titleTest()[pri:0, instance:com.qa.adminCentre.tests.HomePageTest@543c6f6d]" name="titleTest" duration-ms="5" started-at="2023-04-10T11:18:10Z" finished-at="2023-04-10T11:18:10Z">
          <reporter-output>
          </reporter-output>
        </test-method> <!-- titleTest -->
        <test-method status="PASS" signature="urlTest()[pri:0, instance:com.qa.adminCentre.tests.HomePageTest@543c6f6d]" name="urlTest" duration-ms="1" started-at="2023-04-10T11:18:10Z" finished-at="2023-04-10T11:18:10Z">
          <reporter-output>
          </reporter-output>
        </test-method> <!-- urlTest -->
        <test-method status="PASS" signature="tearDown()[pri:0, instance:com.qa.adminCentre.tests.HomePageTest@543c6f6d]" name="tearDown" is-config="true" duration-ms="80" started-at="2023-04-10T11:18:10Z" finished-at="2023-04-10T11:18:10Z">
          <reporter-output>
          </reporter-output>
        </test-method> <!-- tearDown -->
      </class> <!-- com.qa.adminCentre.tests.HomePageTest -->
    </test> <!-- Default test -->
  </suite> <!-- Default suite -->
</testng-results>
